{"meta": {"format": 3, "version": "7.10.6", "timestamp": "2025-10-05T23:25:14.126255", "branch_coverage": false, "show_contexts": false}, "files": {"src/__init__.py": {"executed_lines": [1, 8, 9, 10, 25], "summary": {"covered_lines": 4, "num_statements": 4, "percent_covered": 100.0, "percent_covered_display": "100", "missing_lines": 0, "excluded_lines": 0}, "missing_lines": [], "excluded_lines": [], "functions": {"": {"executed_lines": [1, 8, 9, 10, 25], "summary": {"covered_lines": 4, "num_statements": 4, "percent_covered": 100.0, "percent_covered_display": "100", "missing_lines": 0, "excluded_lines": 0}, "missing_lines": [], "excluded_lines": []}}, "classes": {"": {"executed_lines": [1, 8, 9, 10, 25], "summary": {"covered_lines": 4, "num_statements": 4, "percent_covered": 100.0, "percent_covered_display": "100", "missing_lines": 0, "excluded_lines": 0}, "missing_lines": [], "excluded_lines": []}}}, "src/_version.py": {"executed_lines": [5, 6, 8, 12], "summary": {"covered_lines": 4, "num_statements": 5, "percent_covered": 80.0, "percent_covered_display": "80", "missing_lines": 1, "excluded_lines": 0}, "missing_lines": [7], "excluded_lines": [], "functions": {"": {"executed_lines": [5, 6, 8, 12], "summary": {"covered_lines": 4, "num_statements": 5, "percent_covered": 80.0, "percent_covered_display": "80", "missing_lines": 1, "excluded_lines": 0}, "missing_lines": [7], "excluded_lines": []}}, "classes": {"": {"executed_lines": [5, 6, 8, 12], "summary": {"covered_lines": 4, "num_statements": 5, "percent_covered": 80.0, "percent_covered_display": "80", "missing_lines": 1, "excluded_lines": 0}, "missing_lines": [7], "excluded_lines": []}}}, "src/asd_file_reader.py": {"executed_lines": [1, 5, 16, 17, 18, 19, 20, 21, 22, 23, 24, 25, 26, 27, 30, 31, 32, 34, 36, 38, 44, 45, 47, 48, 49, 50, 51, 52, 53, 54, 55, 56, 57, 58, 59, 60, 61, 62, 65, 66, 68, 69, 72, 73, 74, 77, 78, 79, 81, 83, 84, 85, 86, 87, 93, 96, 99, 100, 101, 102, 106, 107, 110, 111, 112, 116, 117, 120, 121, 123, 127, 128, 131, 132, 134, 138, 139, 141, 142, 143, 144, 145, 146, 147, 148, 149, 154, 155, 157, 162, 163, 166, 167, 169, 172, 175, 176, 179, 180, 181, 183, 184, 186, 187, 188, 190, 191, 193, 194, 201, 202, 211, 212, 214, 215, 216, 217, 218, 219, 220, 221, 222, 223, 224, 225, 226, 227, 228, 229, 241, 243, 244, 245, 246, 247, 248, 250, 255, 256, 257, 258, 259, 260, 261, 262, 263, 264, 265, 266, 267, 268, 269, 271, 276, 277, 278, 279, 280, 281, 283, 288, 289, 290, 291, 292, 293, 294, 295, 296, 297, 298, 299, 300, 301, 302, 303, 304, 305, 306, 307, 308, 309, 310, 311, 312, 313, 314, 315, 316, 318, 319, 321, 322, 324, 325, 326, 327, 328, 329, 330, 331, 333, 338, 339, 340, 341, 342, 343, 344, 345, 346, 347, 348, 349, 350, 351, 352, 353, 354, 355, 356, 357, 358, 359, 361, 362, 363, 364, 365, 367, 372, 373, 374, 375, 376, 377, 378, 379, 380, 381, 382, 383, 384, 385, 386, 387, 388, 389, 390, 391, 393, 394, 396, 401, 402, 403, 404, 405, 406, 407, 408, 409, 410, 411, 412, 414, 419, 420, 421, 422, 423, 424, 427, 428, 429, 433, 434, 436, 440, 441, 442, 443, 444, 445, 446, 447, 449, 455, 456, 457, 460, 461, 462, 463, 464, 465, 466, 467, 472, 473, 474, 475, 476, 477, 478, 479, 480, 481, 483, 488, 489, 490, 491, 492, 493, 494, 495, 496, 497, 498, 499, 500, 501, 502, 504, 505, 506, 507, 508, 509, 510, 511, 517, 518, 519, 520, 521, 522, 523, 524, 525, 529, 530, 533, 538, 558, 559, 561, 562, 563, 567, 569, 574, 575, 576, 577, 580, 581, 582, 583, 584, 585, 586, 587, 588, 589, 590, 591, 592, 593, 595, 597, 598, 599, 600, 601, 602, 607, 618, 619, 620, 622, 624, 626, 628, 630, 632, 633, 634, 635, 636, 637, 638, 639, 640, 641, 642, 643, 644, 650, 651, 654, 655, 661, 662, 677, 678, 681, 682, 688, 689, 697, 698, 706, 707, 710, 724, 733, 734, 740, 741, 748, 749, 752, 753, 759, 760, 766, 767, 775, 776, 798, 803, 859], "summary": {"covered_lines": 434, "num_statements": 708, "percent_covered": 61.29943502824859, "percent_covered_display": "61", "missing_lines": 274, "excluded_lines": 0}, "missing_lines": [88, 89, 90, 97, 98, 103, 104, 108, 109, 113, 114, 118, 119, 124, 125, 129, 130, 135, 136, 152, 153, 158, 159, 164, 165, 170, 173, 237, 238, 239, 251, 252, 253, 272, 273, 274, 284, 285, 286, 334, 335, 336, 368, 369, 370, 397, 398, 399, 415, 416, 417, 432, 450, 451, 452, 453, 458, 468, 469, 470, 484, 485, 486, 513, 514, 515, 526, 527, 528, 531, 532, 534, 535, 536, 539, 540, 543, 544, 545, 546, 547, 548, 549, 550, 551, 552, 553, 554, 555, 556, 564, 570, 571, 572, 603, 604, 605, 608, 609, 610, 611, 612, 613, 614, 615, 616, 621, 623, 625, 627, 629, 645, 646, 647, 652, 656, 657, 659, 663, 664, 665, 666, 667, 669, 670, 671, 672, 674, 675, 679, 683, 684, 686, 690, 691, 693, 699, 700, 702, 708, 712, 713, 714, 715, 716, 718, 719, 720, 722, 725, 726, 727, 728, 731, 735, 736, 738, 742, 743, 745, 750, 754, 755, 757, 761, 762, 764, 768, 769, 771, 777, 778, 779, 780, 781, 782, 783, 784, 785, 787, 788, 789, 791, 792, 793, 795, 796, 799, 800, 801, 804, 805, 806, 807, 808, 809, 810, 812, 814, 815, 816, 817, 818, 819, 820, 821, 822, 823, 825, 826, 827, 829, 830, 831, 832, 834, 835, 836, 837, 839, 840, 841, 842, 844, 845, 846, 848, 849, 850, 851, 853, 854, 855, 856, 861, 862, 863, 864, 866, 867, 869, 871, 872, 873, 874, 876, 884, 885, 887, 889, 890, 892, 894, 895, 896, 898, 899, 900, 901, 902, 904, 906, 908, 910, 912, 913, 915, 918, 919, 921, 922, 923, 924, 926], "excluded_lines": [], "functions": {"ASDFile.__init__": {"executed_lines": [44, 45, 47, 48, 49, 50, 51, 52, 53, 54, 55, 56, 57, 58, 59, 60, 61, 62, 65, 66], "summary": {"covered_lines": 20, "num_statements": 20, "percent_covered": 100.0, "percent_covered_display": "100", "missing_lines": 0, "excluded_lines": 0}, "missing_lines": [], "excluded_lines": []}, "ASDFile.read": {"executed_lines": [69, 72, 73, 74, 77, 78, 79, 81, 83, 84, 85, 86, 87, 93, 96, 99, 100, 101, 102, 106, 107, 110, 111, 112, 116, 117, 120, 121, 123, 127, 128, 131, 132, 134, 138, 139, 141, 142, 143, 144, 145, 146, 147, 148, 149, 154, 155, 157, 162, 163, 166, 167], "summary": {"covered_lines": 52, "num_statements": 77, "percent_covered": 67.53246753246754, "percent_covered_display": "68", "missing_lines": 25, "excluded_lines": 0}, "missing_lines": [88, 89, 90, 97, 98, 103, 104, 108, 109, 113, 114, 118, 119, 124, 125, 129, 130, 135, 136, 152, 153, 158, 159, 164, 165], "excluded_lines": []}, "ASDFile.update": {"executed_lines": [], "summary": {"covered_lines": 0, "num_statements": 1, "percent_covered": 0.0, "percent_covered_display": "0", "missing_lines": 1, "excluded_lines": 0}, "missing_lines": [170], "excluded_lines": []}, "ASDFile.write": {"executed_lines": [], "summary": {"covered_lines": 0, "num_statements": 1, "percent_covered": 0.0, "percent_covered_display": "0", "missing_lines": 1, "excluded_lines": 0}, "missing_lines": [173], "excluded_lines": []}, "ASDFile.__check_offset": {"executed_lines": [176, 188], "summary": {"covered_lines": 2, "num_statements": 2, "percent_covered": 100.0, "percent_covered_display": "100", "missing_lines": 0, "excluded_lines": 0}, "missing_lines": [], "excluded_lines": []}, "ASDFile.__check_offset.wrapper": {"executed_lines": [179, 180, 181, 183, 184, 186, 187], "summary": {"covered_lines": 7, "num_statements": 7, "percent_covered": 100.0, "percent_covered_display": "100", "missing_lines": 0, "excluded_lines": 0}, "missing_lines": [], "excluded_lines": []}, "ASDFile.__parse_metadata": {"executed_lines": [193, 194, 201, 202, 211, 212, 214, 215, 216, 217, 218, 219, 220, 221, 222, 223, 224, 225, 226, 227, 228, 229, 241], "summary": {"covered_lines": 23, "num_statements": 26, "percent_covered": 88.46153846153847, "percent_covered_display": "88", "missing_lines": 3, "excluded_lines": 0}, "missing_lines": [237, 238, 239], "excluded_lines": []}, "ASDFile.__parse_spectrumData": {"executed_lines": [245, 246, 247, 248, 250], "summary": {"covered_lines": 5, "num_statements": 8, "percent_covered": 62.5, "percent_covered_display": "62", "missing_lines": 3, "excluded_lines": 0}, "missing_lines": [251, 252, 253], "excluded_lines": []}, "ASDFile.__parse_referenceFileHeader": {"executed_lines": [257, 258, 259, 260, 261, 262, 263, 264, 265, 266, 267, 268, 269, 271], "summary": {"covered_lines": 14, "num_statements": 17, "percent_covered": 82.3529411764706, "percent_covered_display": "82", "missing_lines": 3, "excluded_lines": 0}, "missing_lines": [272, 273, 274], "excluded_lines": []}, "ASDFile.__parse_referenceData": {"executed_lines": [278, 279, 280, 281, 283], "summary": {"covered_lines": 5, "num_statements": 8, "percent_covered": 62.5, "percent_covered_display": "62", "missing_lines": 3, "excluded_lines": 0}, "missing_lines": [284, 285, 286], "excluded_lines": []}, "ASDFile.__parse_classifierData": {"executed_lines": [290, 291, 292, 293, 294, 295, 296, 297, 298, 299, 300, 301, 302, 303, 304, 305, 306, 307, 308, 309, 310, 311, 312, 313, 314, 315, 316, 318, 319, 321, 322, 324, 325, 326, 327, 328, 329, 330, 331, 333], "summary": {"covered_lines": 40, "num_statements": 43, "percent_covered": 93.02325581395348, "percent_covered_display": "93", "missing_lines": 3, "excluded_lines": 0}, "missing_lines": [334, 335, 336], "excluded_lines": []}, "ASDFile.__parse_dependentVariables": {"executed_lines": [340, 341, 342, 343, 344, 345, 346, 347, 348, 349, 350, 351, 352, 353, 354, 355, 356, 357, 358, 359, 361, 362, 363, 364, 365, 367], "summary": {"covered_lines": 26, "num_statements": 29, "percent_covered": 89.65517241379311, "percent_covered_display": "90", "missing_lines": 3, "excluded_lines": 0}, "missing_lines": [368, 369, 370], "excluded_lines": []}, "ASDFile.__parse_calibrationHeader": {"executed_lines": [374, 375, 376, 377, 378, 379, 380, 381, 382, 383, 384, 385, 386, 387, 388, 389, 390, 391, 393, 394, 396], "summary": {"covered_lines": 21, "num_statements": 24, "percent_covered": 87.5, "percent_covered_display": "88", "missing_lines": 3, "excluded_lines": 0}, "missing_lines": [397, 398, 399], "excluded_lines": []}, "ASDFile.__parse_auditLog": {"executed_lines": [403, 404, 405, 406, 407, 408, 409, 410, 411, 412, 414], "summary": {"covered_lines": 11, "num_statements": 14, "percent_covered": 78.57142857142857, "percent_covered_display": "79", "missing_lines": 3, "excluded_lines": 0}, "missing_lines": [415, 416, 417], "excluded_lines": []}, "ASDFile.__parse_signature": {"executed_lines": [421, 422, 423, 424, 427, 428, 429, 433, 434, 436, 440, 441, 442, 443, 444, 445, 446, 447, 449, 455, 456, 457], "summary": {"covered_lines": 22, "num_statements": 28, "percent_covered": 78.57142857142857, "percent_covered_display": "79", "missing_lines": 6, "excluded_lines": 0}, "missing_lines": [432, 450, 451, 452, 453, 458], "excluded_lines": []}, "ASDFile.__parse_spectra": {"executed_lines": [462, 463, 464, 465, 466, 467], "summary": {"covered_lines": 6, "num_statements": 9, "percent_covered": 66.66666666666667, "percent_covered_display": "67", "missing_lines": 3, "excluded_lines": 0}, "missing_lines": [468, 469, 470], "excluded_lines": []}, "ASDFile.__parse_constituantType": {"executed_lines": [474, 475, 476, 477, 478, 479, 480, 481, 483], "summary": {"covered_lines": 9, "num_statements": 12, "percent_covered": 75.0, "percent_covered_display": "75", "missing_lines": 3, "excluded_lines": 0}, "missing_lines": [484, 485, 486], "excluded_lines": []}, "ASDFile.__parse_bstr": {"executed_lines": [490, 491, 492, 493, 494, 495, 496, 497, 498, 499, 500, 501, 502], "summary": {"covered_lines": 13, "num_statements": 13, "percent_covered": 100.0, "percent_covered_display": "100", "missing_lines": 0, "excluded_lines": 0}, "missing_lines": [], "excluded_lines": []}, "ASDFile.__parse_Bool": {"executed_lines": [506, 507, 508, 509, 510, 511], "summary": {"covered_lines": 6, "num_statements": 9, "percent_covered": 66.66666666666667, "percent_covered_display": "67", "missing_lines": 3, "excluded_lines": 0}, "missing_lines": [513, 514, 515], "excluded_lines": []}, "ASDFile.__parse_auditEvents": {"executed_lines": [519, 520, 521, 522, 523, 524, 525, 529, 530, 533], "summary": {"covered_lines": 10, "num_statements": 18, "percent_covered": 55.55555555555556, "percent_covered_display": "56", "missing_lines": 8, "excluded_lines": 0}, "missing_lines": [526, 527, 528, 531, 532, 534, 535, 536], "excluded_lines": []}, "ASDFile.__parse_auditLogEvent": {"executed_lines": [], "summary": {"covered_lines": 0, "num_statements": 16, "percent_covered": 0.0, "percent_covered_display": "0", "missing_lines": 16, "excluded_lines": 0}, "missing_lines": [539, 540, 543, 544, 545, 546, 547, 548, 549, 550, 551, 552, 553, 554, 555, 556], "excluded_lines": []}, "ASDFile.__validate_fileVersion": {"executed_lines": [559, 561, 562, 563, 567, 569], "summary": {"covered_lines": 6, "num_statements": 10, "percent_covered": 60.0, "percent_covered_display": "60", "missing_lines": 4, "excluded_lines": 0}, "missing_lines": [564, 570, 571, 572], "excluded_lines": []}, "ASDFile.__parseVersion": {"executed_lines": [575, 576, 577], "summary": {"covered_lines": 3, "num_statements": 3, "percent_covered": 100.0, "percent_covered_display": "100", "missing_lines": 0, "excluded_lines": 0}, "missing_lines": [], "excluded_lines": []}, "ASDFile.__parse_ASDFilewhen": {"executed_lines": [581, 582, 583, 584, 585, 586, 587, 588, 589, 590, 591, 592, 593], "summary": {"covered_lines": 13, "num_statements": 13, "percent_covered": 100.0, "percent_covered_display": "100", "missing_lines": 0, "excluded_lines": 0}, "missing_lines": [], "excluded_lines": []}, "ASDFile.__parse_gps": {"executed_lines": [597, 598, 599, 600, 601, 602], "summary": {"covered_lines": 6, "num_statements": 9, "percent_covered": 66.66666666666667, "percent_covered_display": "67", "missing_lines": 3, "excluded_lines": 0}, "missing_lines": [603, 604, 605], "excluded_lines": []}, "ASDFile.__parse_SmartDetector": {"executed_lines": [], "summary": {"covered_lines": 0, "num_statements": 9, "percent_covered": 0.0, "percent_covered_display": "0", "missing_lines": 9, "excluded_lines": 0}, "missing_lines": [608, 609, 610, 611, 612, 613, 614, 615, 616], "excluded_lines": []}, "ASDFile.__parseSaturationError": {"executed_lines": [619, 620, 622, 624, 626, 628, 630], "summary": {"covered_lines": 7, "num_statements": 12, "percent_covered": 58.333333333333336, "percent_covered_display": "58", "missing_lines": 5, "excluded_lines": 0}, "missing_lines": [621, 623, 625, 627, 629], "excluded_lines": []}, "ASDFile.__parseTimeOLE": {"executed_lines": [633, 634, 635, 636, 637, 638, 639, 640, 641, 642, 643, 644], "summary": {"covered_lines": 12, "num_statements": 15, "percent_covered": 80.0, "percent_covered_display": "80", "missing_lines": 3, "excluded_lines": 0}, "missing_lines": [645, 646, 647], "excluded_lines": []}, "ASDFile.digitalNumber": {"executed_lines": [], "summary": {"covered_lines": 0, "num_statements": 1, "percent_covered": 0.0, "percent_covered_display": "0", "missing_lines": 1, "excluded_lines": 0}, "missing_lines": [652], "excluded_lines": []}, "ASDFile.whiteReference": {"executed_lines": [], "summary": {"covered_lines": 0, "num_statements": 3, "percent_covered": 0.0, "percent_covered_display": "0", "missing_lines": 3, "excluded_lines": 0}, "missing_lines": [656, 657, 659], "excluded_lines": []}, "ASDFile.reflectance": {"executed_lines": [], "summary": {"covered_lines": 0, "num_statements": 11, "percent_covered": 0.0, "percent_covered_display": "0", "missing_lines": 11, "excluded_lines": 0}, "missing_lines": [663, 664, 665, 666, 667, 669, 670, 671, 672, 674, 675], "excluded_lines": []}, "ASDFile.reflectanceNoDeriv": {"executed_lines": [], "summary": {"covered_lines": 0, "num_statements": 1, "percent_covered": 0.0, "percent_covered_display": "0", "missing_lines": 1, "excluded_lines": 0}, "missing_lines": [679], "excluded_lines": []}, "ASDFile.reflectance1stDeriv": {"executed_lines": [], "summary": {"covered_lines": 0, "num_statements": 3, "percent_covered": 0.0, "percent_covered_display": "0", "missing_lines": 3, "excluded_lines": 0}, "missing_lines": [683, 684, 686], "excluded_lines": []}, "ASDFile.reflectance2ndDeriv": {"executed_lines": [], "summary": {"covered_lines": 0, "num_statements": 3, "percent_covered": 0.0, "percent_covered_display": "0", "missing_lines": 3, "excluded_lines": 0}, "missing_lines": [690, 691, 693], "excluded_lines": []}, "ASDFile.reflectance3rdDeriv": {"executed_lines": [], "summary": {"covered_lines": 0, "num_statements": 3, "percent_covered": 0.0, "percent_covered_display": "0", "missing_lines": 3, "excluded_lines": 0}, "missing_lines": [699, 700, 702], "excluded_lines": []}, "ASDFile.transmitance": {"executed_lines": [], "summary": {"covered_lines": 0, "num_statements": 1, "percent_covered": 0.0, "percent_covered_display": "0", "missing_lines": 1, "excluded_lines": 0}, "missing_lines": [708], "excluded_lines": []}, "ASDFile.__normalise_spectrum": {"executed_lines": [], "summary": {"covered_lines": 0, "num_statements": 9, "percent_covered": 0.0, "percent_covered_display": "0", "missing_lines": 9, "excluded_lines": 0}, "missing_lines": [712, 713, 714, 715, 716, 718, 719, 720, 722], "excluded_lines": []}, "ASDFile.__derivative": {"executed_lines": [], "summary": {"covered_lines": 0, "num_statements": 5, "percent_covered": 0.0, "percent_covered_display": "0", "missing_lines": 5, "excluded_lines": 0}, "missing_lines": [725, 726, 727, 728, 731], "excluded_lines": []}, "ASDFile.absoluteReflectance": {"executed_lines": [], "summary": {"covered_lines": 0, "num_statements": 3, "percent_covered": 0.0, "percent_covered_display": "0", "missing_lines": 3, "excluded_lines": 0}, "missing_lines": [735, 736, 738], "excluded_lines": []}, "ASDFile.log1R": {"executed_lines": [], "summary": {"covered_lines": 0, "num_statements": 3, "percent_covered": 0.0, "percent_covered_display": "0", "missing_lines": 3, "excluded_lines": 0}, "missing_lines": [742, 743, 745], "excluded_lines": []}, "ASDFile.log1T": {"executed_lines": [], "summary": {"covered_lines": 0, "num_statements": 1, "percent_covered": 0.0, "percent_covered_display": "0", "missing_lines": 1, "excluded_lines": 0}, "missing_lines": [750], "excluded_lines": []}, "ASDFile.log1RNoDeriv": {"executed_lines": [], "summary": {"covered_lines": 0, "num_statements": 3, "percent_covered": 0.0, "percent_covered_display": "0", "missing_lines": 3, "excluded_lines": 0}, "missing_lines": [754, 755, 757], "excluded_lines": []}, "ASDFile.log1R1stDeriv": {"executed_lines": [], "summary": {"covered_lines": 0, "num_statements": 3, "percent_covered": 0.0, "percent_covered_display": "0", "missing_lines": 3, "excluded_lines": 0}, "missing_lines": [761, 762, 764], "excluded_lines": []}, "ASDFile.log1R2ndDeriv": {"executed_lines": [], "summary": {"covered_lines": 0, "num_statements": 3, "percent_covered": 0.0, "percent_covered_display": "0", "missing_lines": 3, "excluded_lines": 0}, "missing_lines": [768, 769, 771], "excluded_lines": []}, "ASDFile.radiance": {"executed_lines": [], "summary": {"covered_lines": 0, "num_statements": 17, "percent_covered": 0.0, "percent_covered_display": "0", "missing_lines": 17, "excluded_lines": 0}, "missing_lines": [777, 778, 779, 780, 781, 782, 783, 784, 785, 787, 788, 789, 791, 792, 793, 795, 796], "excluded_lines": []}, "ASDFile.__calc_radiance": {"executed_lines": [], "summary": {"covered_lines": 0, "num_statements": 3, "percent_covered": 0.0, "percent_covered_display": "0", "missing_lines": 3, "excluded_lines": 0}, "missing_lines": [799, 800, 801], "excluded_lines": []}, "ASDFile.__calc_irradiance": {"executed_lines": [], "summary": {"covered_lines": 0, "num_statements": 44, "percent_covered": 0.0, "percent_covered_display": "0", "missing_lines": 44, "excluded_lines": 0}, "missing_lines": [804, 805, 806, 807, 808, 809, 810, 812, 814, 815, 816, 817, 818, 819, 820, 821, 822, 823, 825, 826, 827, 829, 830, 831, 832, 834, 835, 836, 837, 839, 840, 841, 842, 844, 845, 846, 848, 849, 850, 851, 853, 854, 855, 856], "excluded_lines": []}, "ASDFile.__parabolic_correction": {"executed_lines": [], "summary": {"covered_lines": 0, "num_statements": 40, "percent_covered": 0.0, "percent_covered_display": "0", "missing_lines": 40, "excluded_lines": 0}, "missing_lines": [861, 862, 863, 864, 866, 867, 869, 871, 872, 873, 874, 876, 884, 885, 887, 889, 890, 892, 894, 895, 896, 898, 899, 900, 901, 902, 904, 906, 908, 910, 912, 913, 915, 918, 919, 921, 922, 923, 924, 926], "excluded_lines": []}, "": {"executed_lines": [1, 5, 16, 17, 18, 19, 20, 21, 22, 23, 24, 25, 26, 27, 30, 31, 32, 34, 36, 38, 68, 169, 172, 175, 190, 191, 243, 244, 255, 256, 276, 277, 288, 289, 338, 339, 372, 373, 401, 402, 419, 420, 460, 461, 472, 473, 488, 489, 504, 505, 517, 518, 538, 558, 574, 580, 595, 607, 618, 632, 650, 651, 654, 655, 661, 662, 677, 678, 681, 682, 688, 689, 697, 698, 706, 707, 710, 724, 733, 734, 740, 741, 748, 749, 752, 753, 759, 760, 766, 767, 775, 776, 798, 803, 859], "summary": {"covered_lines": 95, "num_statements": 95, "percent_covered": 100.0, "percent_covered_display": "100", "missing_lines": 0, "excluded_lines": 0}, "missing_lines": [], "excluded_lines": []}}, "classes": {"ASDFile": {"executed_lines": [44, 45, 47, 48, 49, 50, 51, 52, 53, 54, 55, 56, 57, 58, 59, 60, 61, 62, 65, 66, 69, 72, 73, 74, 77, 78, 79, 81, 83, 84, 85, 86, 87, 93, 96, 99, 100, 101, 102, 106, 107, 110, 111, 112, 116, 117, 120, 121, 123, 127, 128, 131, 132, 134, 138, 139, 141, 142, 143, 144, 145, 146, 147, 148, 149, 154, 155, 157, 162, 163, 166, 167, 176, 179, 180, 181, 183, 184, 186, 187, 188, 193, 194, 201, 202, 211, 212, 214, 215, 216, 217, 218, 219, 220, 221, 222, 223, 224, 225, 226, 227, 228, 229, 241, 245, 246, 247, 248, 250, 257, 258, 259, 260, 261, 262, 263, 264, 265, 266, 267, 268, 269, 271, 278, 279, 280, 281, 283, 290, 291, 292, 293, 294, 295, 296, 297, 298, 299, 300, 301, 302, 303, 304, 305, 306, 307, 308, 309, 310, 311, 312, 313, 314, 315, 316, 318, 319, 321, 322, 324, 325, 326, 327, 328, 329, 330, 331, 333, 340, 341, 342, 343, 344, 345, 346, 347, 348, 349, 350, 351, 352, 353, 354, 355, 356, 357, 358, 359, 361, 362, 363, 364, 365, 367, 374, 375, 376, 377, 378, 379, 380, 381, 382, 383, 384, 385, 386, 387, 388, 389, 390, 391, 393, 394, 396, 403, 404, 405, 406, 407, 408, 409, 410, 411, 412, 414, 421, 422, 423, 424, 427, 428, 429, 433, 434, 436, 440, 441, 442, 443, 444, 445, 446, 447, 449, 455, 456, 457, 462, 463, 464, 465, 466, 467, 474, 475, 476, 477, 478, 479, 480, 481, 483, 490, 491, 492, 493, 494, 495, 496, 497, 498, 499, 500, 501, 502, 506, 507, 508, 509, 510, 511, 519, 520, 521, 522, 523, 524, 525, 529, 530, 533, 559, 561, 562, 563, 567, 569, 575, 576, 577, 581, 582, 583, 584, 585, 586, 587, 588, 589, 590, 591, 592, 593, 597, 598, 599, 600, 601, 602, 619, 620, 622, 624, 626, 628, 630, 633, 634, 635, 636, 637, 638, 639, 640, 641, 642, 643, 644], "summary": {"covered_lines": 339, "num_statements": 613, "percent_covered": 55.30179445350734, "percent_covered_display": "55", "missing_lines": 274, "excluded_lines": 0}, "missing_lines": [88, 89, 90, 97, 98, 103, 104, 108, 109, 113, 114, 118, 119, 124, 125, 129, 130, 135, 136, 152, 153, 158, 159, 164, 165, 170, 173, 237, 238, 239, 251, 252, 253, 272, 273, 274, 284, 285, 286, 334, 335, 336, 368, 369, 370, 397, 398, 399, 415, 416, 417, 432, 450, 451, 452, 453, 458, 468, 469, 470, 484, 485, 486, 513, 514, 515, 526, 527, 528, 531, 532, 534, 535, 536, 539, 540, 543, 544, 545, 546, 547, 548, 549, 550, 551, 552, 553, 554, 555, 556, 564, 570, 571, 572, 603, 604, 605, 608, 609, 610, 611, 612, 613, 614, 615, 616, 621, 623, 625, 627, 629, 645, 646, 647, 652, 656, 657, 659, 663, 664, 665, 666, 667, 669, 670, 671, 672, 674, 675, 679, 683, 684, 686, 690, 691, 693, 699, 700, 702, 708, 712, 713, 714, 715, 716, 718, 719, 720, 722, 725, 726, 727, 728, 731, 735, 736, 738, 742, 743, 745, 750, 754, 755, 757, 761, 762, 764, 768, 769, 771, 777, 778, 779, 780, 781, 782, 783, 784, 785, 787, 788, 789, 791, 792, 793, 795, 796, 799, 800, 801, 804, 805, 806, 807, 808, 809, 810, 812, 814, 815, 816, 817, 818, 819, 820, 821, 822, 823, 825, 826, 827, 829, 830, 831, 832, 834, 835, 836, 837, 839, 840, 841, 842, 844, 845, 846, 848, 849, 850, 851, 853, 854, 855, 856, 861, 862, 863, 864, 866, 867, 869, 871, 872, 873, 874, 876, 884, 885, 887, 889, 890, 892, 894, 895, 896, 898, 899, 900, 901, 902, 904, 906, 908, 910, 912, 913, 915, 918, 919, 921, 922, 923, 924, 926], "excluded_lines": []}, "": {"executed_lines": [1, 5, 16, 17, 18, 19, 20, 21, 22, 23, 24, 25, 26, 27, 30, 31, 32, 34, 36, 38, 68, 169, 172, 175, 190, 191, 243, 244, 255, 256, 276, 277, 288, 289, 338, 339, 372, 373, 401, 402, 419, 420, 460, 461, 472, 473, 488, 489, 504, 505, 517, 518, 538, 558, 574, 580, 595, 607, 618, 632, 650, 651, 654, 655, 661, 662, 677, 678, 681, 682, 688, 689, 697, 698, 706, 707, 710, 724, 733, 734, 740, 741, 748, 749, 752, 753, 759, 760, 766, 767, 775, 776, 798, 803, 859], "summary": {"covered_lines": 95, "num_statements": 95, "percent_covered": 100.0, "percent_covered_display": "100", "missing_lines": 0, "excluded_lines": 0}, "missing_lines": [], "excluded_lines": []}}}, "src/constant.py": {"executed_lines": [1, 4, 8, 9, 10, 11, 12, 13, 14, 15, 16, 17, 20, 21, 22, 23, 24, 25, 26, 27, 28, 29, 31, 32, 34, 35, 36, 37, 38, 39, 42, 43, 44, 45, 46, 47, 48, 50, 51, 52, 53, 57, 58, 59, 60, 61, 62, 63, 64, 65, 66, 68, 69, 70, 71, 72, 73, 74, 75, 76, 77, 78, 79, 80, 81, 82, 83, 84, 85, 86, 87, 90, 91, 92, 93, 94, 97, 98, 99, 100, 101, 102, 104, 105, 106, 107, 108, 109, 110, 111, 112, 113, 124, 125, 126, 127, 128, 129, 130, 133, 134, 135, 136, 137, 138], "summary": {"covered_lines": 104, "num_statements": 104, "percent_covered": 100.0, "percent_covered_display": "100", "missing_lines": 0, "excluded_lines": 0}, "missing_lines": [], "excluded_lines": [], "functions": {"": {"executed_lines": [1, 4, 8, 9, 10, 11, 12, 13, 14, 15, 16, 17, 20, 21, 22, 23, 24, 25, 26, 27, 28, 29, 31, 32, 34, 35, 36, 37, 38, 39, 42, 43, 44, 45, 46, 47, 48, 50, 51, 52, 53, 57, 58, 59, 60, 61, 62, 63, 64, 65, 66, 68, 69, 70, 71, 72, 73, 74, 75, 76, 77, 78, 79, 80, 81, 82, 83, 84, 85, 86, 87, 90, 91, 92, 93, 94, 97, 98, 99, 100, 101, 102, 104, 105, 106, 107, 108, 109, 110, 111, 112, 113, 124, 125, 126, 127, 128, 129, 130, 133, 134, 135, 136, 137, 138], "summary": {"covered_lines": 104, "num_statements": 104, "percent_covered": 100.0, "percent_covered_display": "100", "missing_lines": 0, "excluded_lines": 0}, "missing_lines": [], "excluded_lines": []}}, "classes": {"FileVersion_e": {"executed_lines": [], "summary": {"covered_lines": 0, "num_statements": 0, "percent_covered": 100.0, "percent_covered_display": "100", "missing_lines": 0, "excluded_lines": 0}, "missing_lines": [], "excluded_lines": []}, "InstrumentType_e": {"executed_lines": [], "summary": {"covered_lines": 0, "num_statements": 0, "percent_covered": 100.0, "percent_covered_display": "100", "missing_lines": 0, "excluded_lines": 0}, "missing_lines": [], "excluded_lines": []}, "InstrumentModel_e": {"executed_lines": [], "summary": {"covered_lines": 0, "num_statements": 0, "percent_covered": 100.0, "percent_covered_display": "100", "missing_lines": 0, "excluded_lines": 0}, "missing_lines": [], "excluded_lines": []}, "SpectraType_e": {"executed_lines": [], "summary": {"covered_lines": 0, "num_statements": 0, "percent_covered": 100.0, "percent_covered_display": "100", "missing_lines": 0, "excluded_lines": 0}, "missing_lines": [], "excluded_lines": []}, "SignatureState_e": {"executed_lines": [], "summary": {"covered_lines": 0, "num_statements": 0, "percent_covered": 100.0, "percent_covered_display": "100", "missing_lines": 0, "excluded_lines": 0}, "missing_lines": [], "excluded_lines": []}, "AuditLogType_e": {"executed_lines": [], "summary": {"covered_lines": 0, "num_statements": 0, "percent_covered": 100.0, "percent_covered_display": "100", "missing_lines": 0, "excluded_lines": 0}, "missing_lines": [], "excluded_lines": []}, "IT_ms_e": {"executed_lines": [], "summary": {"covered_lines": 0, "num_statements": 0, "percent_covered": 100.0, "percent_covered_display": "100", "missing_lines": 0, "excluded_lines": 0}, "missing_lines": [], "excluded_lines": []}, "DataFormat_e": {"executed_lines": [], "summary": {"covered_lines": 0, "num_statements": 0, "percent_covered": 100.0, "percent_covered_display": "100", "missing_lines": 0, "excluded_lines": 0}, "missing_lines": [], "excluded_lines": []}, "CalibrationType_e": {"executed_lines": [], "summary": {"covered_lines": 0, "num_statements": 0, "percent_covered": 100.0, "percent_covered_display": "100", "missing_lines": 0, "excluded_lines": 0}, "missing_lines": [], "excluded_lines": []}, "DataType_e": {"executed_lines": [], "summary": {"covered_lines": 0, "num_statements": 0, "percent_covered": 100.0, "percent_covered_display": "100", "missing_lines": 0, "excluded_lines": 0}, "missing_lines": [], "excluded_lines": []}, "ClassiferDataType_e": {"executed_lines": [], "summary": {"covered_lines": 0, "num_statements": 0, "percent_covered": 100.0, "percent_covered_display": "100", "missing_lines": 0, "excluded_lines": 0}, "missing_lines": [], "excluded_lines": []}, "SaturationError_e": {"executed_lines": [], "summary": {"covered_lines": 0, "num_statements": 0, "percent_covered": 100.0, "percent_covered_display": "100", "missing_lines": 0, "excluded_lines": 0}, "missing_lines": [], "excluded_lines": []}, "": {"executed_lines": [1, 4, 8, 9, 10, 11, 12, 13, 14, 15, 16, 17, 20, 21, 22, 23, 24, 25, 26, 27, 28, 29, 31, 32, 34, 35, 36, 37, 38, 39, 42, 43, 44, 45, 46, 47, 48, 50, 51, 52, 53, 57, 58, 59, 60, 61, 62, 63, 64, 65, 66, 68, 69, 70, 71, 72, 73, 74, 75, 76, 77, 78, 79, 80, 81, 82, 83, 84, 85, 86, 87, 90, 91, 92, 93, 94, 97, 98, 99, 100, 101, 102, 104, 105, 106, 107, 108, 109, 110, 111, 112, 113, 124, 125, 126, 127, 128, 129, 130, 133, 134, 135, 136, 137, 138], "summary": {"covered_lines": 104, "num_statements": 104, "percent_covered": 100.0, "percent_covered_display": "100", "missing_lines": 0, "excluded_lines": 0}, "missing_lines": [], "excluded_lines": []}}}, "src/file_attributes.py": {"executed_lines": [1, 22, 23, 24, 27, 28, 30, 31, 33, 34, 35, 38, 39, 40, 41, 42, 43, 44, 45, 46, 47, 48, 49, 51, 52, 53, 55, 62, 67, 80, 84, 88, 99, 100, 105, 106, 112], "summary": {"covered_lines": 35, "num_statements": 56, "percent_covered": 62.5, "percent_covered_display": "62", "missing_lines": 21, "excluded_lines": 2}, "missing_lines": [56, 57, 59, 60, 63, 64, 65, 68, 69, 70, 81, 82, 85, 86, 89, 101, 102, 103, 107, 108, 109], "excluded_lines": [112, 113], "functions": {"FileAttributes.__init__": {"executed_lines": [30, 31, 33, 34, 35, 38, 39, 40, 41, 42, 43, 44, 45, 46, 47, 48, 49], "summary": {"covered_lines": 17, "num_statements": 17, "percent_covered": 100.0, "percent_covered_display": "100", "missing_lines": 0, "excluded_lines": 0}, "missing_lines": [], "excluded_lines": []}, "FileAttributes.__get_data": {"executed_lines": [52, 53], "summary": {"covered_lines": 2, "num_statements": 2, "percent_covered": 100.0, "percent_covered_display": "100", "missing_lines": 0, "excluded_lines": 0}, "missing_lines": [], "excluded_lines": []}, "FileAttributes.delete": {"executed_lines": [], "summary": {"covered_lines": 0, "num_statements": 4, "percent_covered": 0.0, "percent_covered_display": "0", "missing_lines": 4, "excluded_lines": 0}, "missing_lines": [56, 57, 59, 60], "excluded_lines": []}, "FileAttributes.read": {"executed_lines": [], "summary": {"covered_lines": 0, "num_statements": 3, "percent_covered": 0.0, "percent_covered_display": "0", "missing_lines": 3, "excluded_lines": 0}, "missing_lines": [63, 64, 65], "excluded_lines": []}, "FileAttributes.write": {"executed_lines": [], "summary": {"covered_lines": 0, "num_statements": 3, "percent_covered": 0.0, "percent_covered_display": "0", "missing_lines": 3, "excluded_lines": 0}, "missing_lines": [68, 69, 70], "excluded_lines": []}, "FileAttributes.set_file_name": {"executed_lines": [], "summary": {"covered_lines": 0, "num_statements": 2, "percent_covered": 0.0, "percent_covered_display": "0", "missing_lines": 2, "excluded_lines": 0}, "missing_lines": [81, 82], "excluded_lines": []}, "FileAttributes.set_file_path": {"executed_lines": [], "summary": {"covered_lines": 0, "num_statements": 2, "percent_covered": 0.0, "percent_covered_display": "0", "missing_lines": 2, "excluded_lines": 0}, "missing_lines": [85, 86], "excluded_lines": []}, "FileAttributes.__str__": {"executed_lines": [], "summary": {"covered_lines": 0, "num_statements": 1, "percent_covered": 0.0, "percent_covered_display": "0", "missing_lines": 1, "excluded_lines": 0}, "missing_lines": [89], "excluded_lines": []}, "FileAttributes.hashMD5": {"executed_lines": [], "summary": {"covered_lines": 0, "num_statements": 3, "percent_covered": 0.0, "percent_covered_display": "0", "missing_lines": 3, "excluded_lines": 0}, "missing_lines": [101, 102, 103], "excluded_lines": []}, "FileAttributes.hashSHA265": {"executed_lines": [], "summary": {"covered_lines": 0, "num_statements": 3, "percent_covered": 0.0, "percent_covered_display": "0", "missing_lines": 3, "excluded_lines": 0}, "missing_lines": [107, 108, 109], "excluded_lines": []}, "": {"executed_lines": [1, 22, 23, 24, 27, 28, 51, 55, 62, 67, 80, 84, 88, 99, 100, 105, 106, 112], "summary": {"covered_lines": 16, "num_statements": 16, "percent_covered": 100.0, "percent_covered_display": "100", "missing_lines": 0, "excluded_lines": 2}, "missing_lines": [], "excluded_lines": [112, 113]}}, "classes": {"FileAttributes": {"executed_lines": [30, 31, 33, 34, 35, 38, 39, 40, 41, 42, 43, 44, 45, 46, 47, 48, 49, 52, 53], "summary": {"covered_lines": 19, "num_statements": 40, "percent_covered": 47.5, "percent_covered_display": "48", "missing_lines": 21, "excluded_lines": 0}, "missing_lines": [56, 57, 59, 60, 63, 64, 65, 68, 69, 70, 81, 82, 85, 86, 89, 101, 102, 103, 107, 108, 109], "excluded_lines": []}, "": {"executed_lines": [1, 22, 23, 24, 27, 28, 51, 55, 62, 67, 80, 84, 88, 99, 100, 105, 106, 112], "summary": {"covered_lines": 16, "num_statements": 16, "percent_covered": 100.0, "percent_covered_display": "100", "missing_lines": 0, "excluded_lines": 2}, "missing_lines": [], "excluded_lines": [112, 113]}}}, "src/logger_setup.py": {"executed_lines": [1, 4, 9, 18, 22], "summary": {"covered_lines": 5, "num_statements": 6, "percent_covered": 83.33333333333333, "percent_covered_display": "83", "missing_lines": 1, "excluded_lines": 0}, "missing_lines": [19], "excluded_lines": [], "functions": {"setup_logging": {"executed_lines": [9, 18, 22], "summary": {"covered_lines": 3, "num_statements": 4, "percent_covered": 75.0, "percent_covered_display": "75", "missing_lines": 1, "excluded_lines": 0}, "missing_lines": [19], "excluded_lines": []}, "": {"executed_lines": [1, 4], "summary": {"covered_lines": 2, "num_statements": 2, "percent_covered": 100.0, "percent_covered_display": "100", "missing_lines": 0, "excluded_lines": 0}, "missing_lines": [], "excluded_lines": []}}, "classes": {"": {"executed_lines": [1, 4, 9, 18, 22], "summary": {"covered_lines": 5, "num_statements": 6, "percent_covered": 83.33333333333333, "percent_covered_display": "83", "missing_lines": 1, "excluded_lines": 0}, "missing_lines": [19], "excluded_lines": []}}}}, "totals": {"covered_lines": 586, "num_statements": 883, "percent_covered": 66.36466591166477, "percent_covered_display": "66", "missing_lines": 297, "excluded_lines": 2}}